<?xml version="1.0" encoding="utf-8"?><testsuites name="pytest tests"><testsuite name="pytest" errors="0" failures="0" skipped="0" tests="50" time="4.212" timestamp="2026-09-22T19:42:08.306926+00:00" hostname="sandbox.local"><properties><property name="hypothesis-statistics-tests/test_contracts_roundtrip.py::test_event_roundtrip_property" value="dGVzdHMvdGVzdF9jb250cmFjdHNfcm91bmR0cmlwLnB5Ojp0ZXN0X2V2ZW50X3JvdW5kdHJpcF9wcm9wZXJ0eToKCiAgLSBkdXJpbmcgZ2VuZXJhdGUgcGhhc2UgKDAuMTIgc2Vjb25kcyk6CiAgICAtIFR5cGljYWwgcnVudGltZXM6IH4gMC0yIG1zLCBvZiB3aGljaCB+IDAtMSBtcyBpbiBkYXRhIGdlbmVyYXRpb24KICAgIC0gNTAgcGFzc2luZywgMCBmYWlsaW5nLCBhbmQgMTUgaW52YWxpZCB0ZXN0IGNhc2VzCiAgICAtIEV2ZW50czoKICAgICAgKiAzMC43NyUsIFJldHJpZWQgZHJhdyBmcm9tIHRleHQoY2hhcmFjdGVycyhjb2RlYz0ndXRmLTgnKSwgbWluX3NpemU9MSwgbWF4X3NpemU9OCkuZmlsdGVyKG5vdF95ZXRfaW5fdW5pcXVlX2xpc3QpIHRvIHNhdGlzZnkgZmlsdGVyCgogIC0gU3RvcHBlZCBiZWNhdXNlIHNldHRpbmdzLm1heF9leGFtcGxlcz01MA==" /></properties><testcase classname="tests.test_activity_blueprint" name="test_example_blueprints_validate_and_roundtrip" time="0.020" /><testcase classname="tests.test_activity_blueprint" name="test_example_c_has_no_unapproved_decisions" time="0.001" /><testcase classname="tests.test_activity_blueprint" name="test_outbound_requires_contact_hooks" time="0.001" /><testcase classname="tests.test_activity_blueprint" name="test_tools_require_permission_entries" time="0.001" /><testcase classname="tests.test_activity_blueprint" name="test_policies_require_unknown_and_uncertainty" time="0.001" /><testcase classname="tests.test_activity_blueprint" name="test_readiness_illegal_transitions" time="0.000" /><testcase classname="tests.test_contracts_roundtrip" name="test_every_contract_has_minimal_fixture" time="0.000" /><testcase classname="tests.test_contracts_roundtrip" name="test_roundtrip_and_schema[qevion.activity.v1]" time="0.053" /><testcase classname="tests.test_contracts_roundtrip" name="test_roundtrip_and_schema[qevion.asr.v1]" time="0.001" /><testcase classname="tests.test_contracts_roundtrip" name="test_roundtrip_and_schema[qevion.asr_result.v1]" time="0.001" /><testcase classname="tests.test_contracts_roundtrip" name="test_roundtrip_and_schema[qevion.capability_registry.v1]" time="0.001" /><testcase classname="tests.test_contracts_roundtrip" name="test_roundtrip_and_schema[qevion.composition.v1]" time="0.001" /><testcase classname="tests.test_contracts_roundtrip" name="test_roundtrip_and_schema[qevion.credential_scope.v1]" time="0.001" /><testcase classname="tests.test_contracts_roundtrip" name="test_roundtrip_and_schema[qevion.decision.v1]" time="0.001" /><testcase classname="tests.test_contracts_roundtrip" name="test_roundtrip_and_schema[qevion.decision_result.v1]" time="0.001" /><testcase classname="tests.test_contracts_roundtrip" name="test_roundtrip_and_schema[qevion.event.v1]" time="0.001" /><testcase classname="tests.test_contracts_roundtrip" name="test_roundtrip_and_schema[qevion.handoff.v1]" time="0.001" /><testcase classname="tests.test_contracts_roundtrip" name="test_roundtrip_and_schema[qevion.handoff_result.v1]" time="0.001" /><testcase classname="tests.test_contracts_roundtrip" name="test_roundtrip_and_schema[qevion.interaction_record.v1]" time="0.002" /><testcase classname="tests.test_contracts_roundtrip" name="test_roundtrip_and_schema[qevion.knowledge_contradiction.v1]" time="0.001" /><testcase classname="tests.test_contracts_roundtrip" name="test_roundtrip_and_schema[qevion.knowledge_fact.v1]" time="0.001" /><testcase classname="tests.test_contracts_roundtrip" name="test_roundtrip_and_schema[qevion.knowledge_gap.v1]" time="0.001" /><testcase classname="tests.test_contracts_roundtrip" name="test_roundtrip_and_schema[qevion.knowledge_source.v1]" time="0.001" /><testcase classname="tests.test_contracts_roundtrip" name="test_roundtrip_and_schema[qevion.line.v1]" time="0.001" /><testcase classname="tests.test_contracts_roundtrip" name="test_roundtrip_and_schema[qevion.llm.v1]" time="0.001" /><testcase classname="tests.test_contracts_roundtrip" name="test_roundtrip_and_schema[qevion.llm_response.v1]" time="0.001" /><testcase classname="tests.test_contracts_roundtrip" name="test_roundtrip_and_schema[qevion.locale_pack.v1]" time="0.001" /><testcase classname="tests.test_contracts_roundtrip" name="test_roundtrip_and_schema[qevion.metrics.v1]" time="0.001" /><testcase classname="tests.test_contracts_roundtrip" name="test_roundtrip_and_schema[qevion.outcome.v1]" time="0.002" /><testcase classname="tests.test_contracts_roundtrip" name="test_roundtrip_and_schema[qevion.policy.v1]" time="0.001" /><testcase classname="tests.test_contracts_roundtrip" name="test_roundtrip_and_schema[qevion.preflight.v1]" time="0.001" /><testcase classname="tests.test_contracts_roundtrip" name="test_roundtrip_and_schema[qevion.s2s.v1]" time="0.001" /><testcase classname="tests.test_contracts_roundtrip" name="test_roundtrip_and_schema[qevion.s2s_event.v1]" time="0.002" /><testcase classname="tests.test_contracts_roundtrip" name="test_roundtrip_and_schema[qevion.simulation_report.v1]" time="0.001" /><testcase classname="tests.test_contracts_roundtrip" name="test_roundtrip_and_schema[qevion.sink.v1]" time="0.001" /><testcase classname="tests.test_contracts_roundtrip" name="test_roundtrip_and_schema[qevion.tenant.v1]" time="0.001" /><testcase classname="tests.test_contracts_roundtrip" name="test_roundtrip_and_schema[qevion.tool.v1]" time="0.001" /><testcase classname="tests.test_contracts_roundtrip" name="test_roundtrip_and_schema[qevion.tool_backend.v1]" time="0.001" /><testcase classname="tests.test_contracts_roundtrip" name="test_roundtrip_and_schema[qevion.tool_invocation.v1]" time="0.001" /><testcase classname="tests.test_contracts_roundtrip" name="test_roundtrip_and_schema[qevion.tool_outcome.v1]" time="0.001" /><testcase classname="tests.test_contracts_roundtrip" name="test_roundtrip_and_schema[qevion.transport.client.v1]" time="0.001" /><testcase classname="tests.test_contracts_roundtrip" name="test_roundtrip_and_schema[qevion.transport.hello.v1]" time="0.001" /><testcase classname="tests.test_contracts_roundtrip" name="test_roundtrip_and_schema[qevion.transport.server.v1]" time="0.001" /><testcase classname="tests.test_contracts_roundtrip" name="test_roundtrip_and_schema[qevion.tts.v1]" time="0.001" /><testcase classname="tests.test_contracts_roundtrip" name="test_roundtrip_and_schema[qevion.turn.v1]" time="0.001" /><testcase classname="tests.test_contracts_roundtrip" name="test_roundtrip_and_schema[qevion.usage.v1]" time="0.001" /><testcase classname="tests.test_contracts_roundtrip" name="test_roundtrip_and_schema[qevion.voice_profile.v1]" time="0.001" /><testcase classname="tests.test_contracts_roundtrip" name="test_no_schema_drift" time="0.443" /><testcase classname="tests.test_contracts_roundtrip" name="test_event_roundtrip_property" time="2.139" /><testcase classname="tests.test_contracts_roundtrip" name="test_event_rejects_bad_type_and_negative_seq" time="0.001" /></testsuite></testsuites>