<?xml version="1.0" encoding="utf-8"?><testsuites name="pytest tests"><testsuite name="pytest" errors="0" failures="0" skipped="0" tests="81" time="1.771" timestamp="2026-09-22T20:44:02.874518+00:00" hostname="sandbox.local"><properties><property name="hypothesis-statistics-tests/test_contracts_roundtrip.py::test_event_roundtrip_property" value="dGVzdHMvdGVzdF9jb250cmFjdHNfcm91bmR0cmlwLnB5Ojp0ZXN0X2V2ZW50X3JvdW5kdHJpcF9wcm9wZXJ0eToKCiAgLSBkdXJpbmcgZ2VuZXJhdGUgcGhhc2UgKDAuMTUgc2Vjb25kcyk6CiAgICAtIFR5cGljYWwgcnVudGltZXM6IH4gMS0zIG1zLCBvZiB3aGljaCB+IDAtMiBtcyBpbiBkYXRhIGdlbmVyYXRpb24KICAgIC0gNTAgcGFzc2luZywgMCBmYWlsaW5nLCBhbmQgMTIgaW52YWxpZCB0ZXN0IGNhc2VzCiAgICAtIEV2ZW50czoKICAgICAgKiA0MC4zMiUsIFJldHJpZWQgZHJhdyBmcm9tIHRleHQoY2hhcmFjdGVycyhjb2RlYz0ndXRmLTgnKSwgbWluX3NpemU9MSwgbWF4X3NpemU9OCkuZmlsdGVyKG5vdF95ZXRfaW5fdW5pcXVlX2xpc3QpIHRvIHNhdGlzZnkgZmlsdGVyCgogIC0gU3RvcHBlZCBiZWNhdXNlIHNldHRpbmdzLm1heF9leGFtcGxlcz01MA==" /><property name="hypothesis-statistics-tests/test_core_primitives.py::test_unverified_never_satisfies" value="dGVzdHMvdGVzdF9jb3JlX3ByaW1pdGl2ZXMucHk6OnRlc3RfdW52ZXJpZmllZF9uZXZlcl9zYXRpc2ZpZXM6CgogIC0gZHVyaW5nIGdlbmVyYXRlIHBoYXNlICgwLjAzIHNlY29uZHMpOgogICAgLSBUeXBpY2FsIHJ1bnRpbWVzOiB+IDAtMSBtcywgb2Ygd2hpY2ggPCAxbXMgaW4gZGF0YSBnZW5lcmF0aW9uCiAgICAtIDM2IHBhc3NpbmcsIDAgZmFpbGluZywgYW5kIDAgaW52YWxpZCB0ZXN0IGNhc2VzCgogIC0gU3RvcHBlZCBiZWNhdXNlIG5vdGhpbmcgbGVmdCB0byBkbw==" /></properties><testcase classname="tests.test_activity_blueprint" name="test_example_blueprints_validate_and_roundtrip" time="0.031" /><testcase classname="tests.test_activity_blueprint" name="test_example_c_has_no_unapproved_decisions" time="0.002" /><testcase classname="tests.test_activity_blueprint" name="test_outbound_requires_contact_hooks" time="0.002" /><testcase classname="tests.test_activity_blueprint" name="test_tools_require_permission_entries" time="0.002" /><testcase classname="tests.test_activity_blueprint" name="test_policies_require_unknown_and_uncertainty" time="0.001" /><testcase classname="tests.test_activity_blueprint" name="test_readiness_illegal_transitions" time="0.001" /><testcase classname="tests.test_activity_blueprint" name="test_composition_configs_validate" time="0.009" /><testcase classname="tests.test_adapters_mocks" name="test_adapter_declares_capabilities[adapter0-S2SPort-s2s]" time="0.002" /><testcase classname="tests.test_adapters_mocks" name="test_adapter_declares_capabilities[adapter1-LLMPort-llm]" time="0.001" /><testcase classname="tests.test_adapters_mocks" name="test_adapter_declares_capabilities[adapter2-ASRPort-asr]" time="0.001" /><testcase classname="tests.test_adapters_mocks" name="test_adapter_declares_capabilities[adapter3-TTSPort-tts]" time="0.001" /><testcase classname="tests.test_adapters_mocks" name="test_adapter_declares_capabilities[adapter4-TurnPort-turn]" time="0.001" /><testcase classname="tests.test_adapters_mocks" name="test_adapter_declares_capabilities[adapter5-TurnPort-turn]" time="0.001" /><testcase classname="tests.test_adapters_mocks" name="test_adapter_declares_capabilities[adapter6-DecisionPort-decision]" time="0.001" /><testcase classname="tests.test_adapters_mocks" name="test_mock_s2s_scripted_flow_with_tool_and_cancel" time="0.027" /><testcase classname="tests.test_adapters_mocks" name="test_mock_llm_asr_tts" time="0.004" /><testcase classname="tests.test_adapters_mocks" name="test_energy_turn_detector_taxonomy_and_barge_in" time="0.006" /><testcase classname="tests.test_adapters_mocks" name="test_rules_decision_never_guesses" time="0.004" /><testcase classname="tests.test_adapters_mocks" name="test_memory_transport_roundtrip" time="0.002" /><testcase classname="tests.test_adapters_mocks" name="test_memory_tool_backends_and_fault_injection" time="0.003" /><testcase classname="tests.test_adapters_mocks" name="test_sinks" time="0.007" /><testcase classname="tests.test_adapters_mocks" name="test_credential_resolver_order_and_no_leak" time="0.001" /><testcase classname="tests.test_adapters_mocks" name="test_simulated_telephony" time="0.002" /><testcase classname="tests.test_contracts_roundtrip" name="test_every_contract_has_minimal_fixture" time="0.001" /><testcase classname="tests.test_contracts_roundtrip" name="test_roundtrip_and_schema[qevion.activity.v1]" time="0.075" /><testcase classname="tests.test_contracts_roundtrip" name="test_roundtrip_and_schema[qevion.asr.v1]" time="0.001" /><testcase classname="tests.test_contracts_roundtrip" name="test_roundtrip_and_schema[qevion.asr_result.v1]" time="0.001" /><testcase classname="tests.test_contracts_roundtrip" name="test_roundtrip_and_schema[qevion.capability_registry.v1]" time="0.001" /><testcase classname="tests.test_contracts_roundtrip" name="test_roundtrip_and_schema[qevion.composition.v1]" time="0.001" /><testcase classname="tests.test_contracts_roundtrip" name="test_roundtrip_and_schema[qevion.credential_scope.v1]" time="0.001" /><testcase classname="tests.test_contracts_roundtrip" name="test_roundtrip_and_schema[qevion.decision.v1]" time="0.001" /><testcase classname="tests.test_contracts_roundtrip" name="test_roundtrip_and_schema[qevion.decision_result.v1]" time="0.001" /><testcase classname="tests.test_contracts_roundtrip" name="test_roundtrip_and_schema[qevion.event.v1]" time="0.001" /><testcase classname="tests.test_contracts_roundtrip" name="test_roundtrip_and_schema[qevion.handoff.v1]" time="0.001" /><testcase classname="tests.test_contracts_roundtrip" name="test_roundtrip_and_schema[qevion.handoff_result.v1]" time="0.001" /><testcase classname="tests.test_contracts_roundtrip" name="test_roundtrip_and_schema[qevion.interaction_record.v1]" time="0.002" /><testcase classname="tests.test_contracts_roundtrip" name="test_roundtrip_and_schema[qevion.knowledge_contradiction.v1]" time="0.001" /><testcase classname="tests.test_contracts_roundtrip" name="test_roundtrip_and_schema[qevion.knowledge_fact.v1]" time="0.001" /><testcase classname="tests.test_contracts_roundtrip" name="test_roundtrip_and_schema[qevion.knowledge_gap.v1]" time="0.001" /><testcase classname="tests.test_contracts_roundtrip" name="test_roundtrip_and_schema[qevion.knowledge_source.v1]" time="0.001" /><testcase classname="tests.test_contracts_roundtrip" name="test_roundtrip_and_schema[qevion.line.v1]" time="0.001" /><testcase classname="tests.test_contracts_roundtrip" name="test_roundtrip_and_schema[qevion.llm.v1]" time="0.001" /><testcase classname="tests.test_contracts_roundtrip" name="test_roundtrip_and_schema[qevion.llm_response.v1]" time="0.001" /><testcase classname="tests.test_contracts_roundtrip" name="test_roundtrip_and_schema[qevion.locale_pack.v1]" time="0.001" /><testcase classname="tests.test_contracts_roundtrip" name="test_roundtrip_and_schema[qevion.metrics.v1]" time="0.001" /><testcase classname="tests.test_contracts_roundtrip" name="test_roundtrip_and_schema[qevion.outcome.v1]" time="0.001" /><testcase classname="tests.test_contracts_roundtrip" name="test_roundtrip_and_schema[qevion.policy.v1]" time="0.001" /><testcase classname="tests.test_contracts_roundtrip" name="test_roundtrip_and_schema[qevion.preflight.v1]" time="0.001" /><testcase classname="tests.test_contracts_roundtrip" name="test_roundtrip_and_schema[qevion.s2s.v1]" time="0.001" /><testcase classname="tests.test_contracts_roundtrip" name="test_roundtrip_and_schema[qevion.s2s_event.v1]" time="0.001" /><testcase classname="tests.test_contracts_roundtrip" name="test_roundtrip_and_schema[qevion.simulation_report.v1]" time="0.001" /><testcase classname="tests.test_contracts_roundtrip" name="test_roundtrip_and_schema[qevion.sink.v1]" time="0.001" /><testcase classname="tests.test_contracts_roundtrip" name="test_roundtrip_and_schema[qevion.tenant.v1]" time="0.001" /><testcase classname="tests.test_contracts_roundtrip" name="test_roundtrip_and_schema[qevion.tool.v1]" time="0.001" /><testcase classname="tests.test_contracts_roundtrip" name="test_roundtrip_and_schema[qevion.tool_backend.v1]" time="0.001" /><testcase classname="tests.test_contracts_roundtrip" name="test_roundtrip_and_schema[qevion.tool_invocation.v1]" time="0.001" /><testcase classname="tests.test_contracts_roundtrip" name="test_roundtrip_and_schema[qevion.tool_outcome.v1]" time="0.001" /><testcase classname="tests.test_contracts_roundtrip" name="test_roundtrip_and_schema[qevion.transport.client.v1]" time="0.001" /><testcase classname="tests.test_contracts_roundtrip" name="test_roundtrip_and_schema[qevion.transport.hello.v1]" time="0.001" /><testcase classname="tests.test_contracts_roundtrip" name="test_roundtrip_and_schema[qevion.transport.server.v1]" time="0.001" /><testcase classname="tests.test_contracts_roundtrip" name="test_roundtrip_and_schema[qevion.tts.v1]" time="0.001" /><testcase classname="tests.test_contracts_roundtrip" name="test_roundtrip_and_schema[qevion.turn.v1]" time="0.001" /><testcase classname="tests.test_contracts_roundtrip" name="test_roundtrip_and_schema[qevion.usage.v1]" time="0.001" /><testcase classname="tests.test_contracts_roundtrip" name="test_roundtrip_and_schema[qevion.voice_profile.v1]" time="0.001" /><testcase classname="tests.test_contracts_roundtrip" name="test_no_schema_drift" time="0.481" /><testcase classname="tests.test_contracts_roundtrip" name="test_event_roundtrip_property" time="0.220" /><testcase classname="tests.test_contracts_roundtrip" name="test_event_rejects_bad_type_and_negative_seq" time="0.001" /><testcase classname="tests.test_core_primitives" name="test_field_store_record_correct_verify_reject" time="0.001" /><testcase classname="tests.test_core_primitives" name="test_satisfies_ordering" time="0.001" /><testcase classname="tests.test_core_primitives" name="test_unverified_never_satisfies" time="0.036" /><testcase classname="tests.test_core_primitives" name="test_dialog_machine_happy_path_and_barge_in" time="0.000" /><testcase classname="tests.test_core_primitives" name="test_generic_table_is_valid_and_terminal_states_absorb" time="0.000" /><testcase classname="tests.test_core_primitives" name="test_inline_table_validation_reports_errors" time="0.000" /><testcase classname="tests.test_core_primitives" name="test_entity_focus_stack" time="0.000" /><testcase classname="tests.test_core_primitives" name="test_pending_objectives_priority_and_exhaustion" time="0.000" /><testcase classname="tests.test_core_primitives" name="test_claim_governor_blocks_unverified_and_prohibited" time="0.002" /><testcase classname="tests.test_core_primitives" name="test_confirmation_interpreter_deterministic_and_ambiguous" time="0.001" /><testcase classname="tests.test_core_primitives" name="test_tool_pipeline_all_gates" time="0.002" /><testcase classname="tests.test_core_primitives" name="test_tool_pipeline_confirmation_pending_and_denied" time="0.001" /><testcase classname="tests.test_core_primitives" name="test_tool_pipeline_tenant_scope_and_timeout" time="0.103" /><testcase classname="tests.test_core_primitives" name="test_validate_args_basic_schema" time="0.002" /></testsuite></testsuites>