<?xml version="1.0" encoding="utf-8"?><testsuites name="pytest tests"><testsuite name="pytest" errors="0" failures="0" skipped="0" tests="294" time="53.053" timestamp="2026-09-24T00:01:18.651074+00:00" hostname="sandbox.local"><properties><property name="hypothesis-statistics-tests/test_contracts_roundtrip.py::test_event_roundtrip_property" value="dGVzdHMvdGVzdF9jb250cmFjdHNfcm91bmR0cmlwLnB5Ojp0ZXN0X2V2ZW50X3JvdW5kdHJpcF9wcm9wZXJ0eToKCiAgLSBkdXJpbmcgZ2VuZXJhdGUgcGhhc2UgKDAuMTYgc2Vjb25kcyk6CiAgICAtIFR5cGljYWwgcnVudGltZXM6IH4gMC03IG1zLCBvZiB3aGljaCB+IDAtMiBtcyBpbiBkYXRhIGdlbmVyYXRpb24KICAgIC0gNTAgcGFzc2luZywgMCBmYWlsaW5nLCBhbmQgNiBpbnZhbGlkIHRlc3QgY2FzZXMKICAgIC0gRXZlbnRzOgogICAgICAqIDQ4LjIxJSwgUmV0cmllZCBkcmF3IGZyb20gdGV4dChjaGFyYWN0ZXJzKGNvZGVjPSd1dGYtOCcpLCBtaW5fc2l6ZT0xLCBtYXhfc2l6ZT04KS5maWx0ZXIobm90X3lldF9pbl91bmlxdWVfbGlzdCkgdG8gc2F0aXNmeSBmaWx0ZXIKCiAgLSBTdG9wcGVkIGJlY2F1c2Ugc2V0dGluZ3MubWF4X2V4YW1wbGVzPTUw" /><property name="hypothesis-statistics-tests/test_core_primitives.py::test_unverified_never_satisfies" value="dGVzdHMvdGVzdF9jb3JlX3ByaW1pdGl2ZXMucHk6OnRlc3RfdW52ZXJpZmllZF9uZXZlcl9zYXRpc2ZpZXM6CgogIC0gZHVyaW5nIGdlbmVyYXRlIHBoYXNlICgwLjA0IHNlY29uZHMpOgogICAgLSBUeXBpY2FsIHJ1bnRpbWVzOiB+IDAtMSBtcywgb2Ygd2hpY2ggPCAxbXMgaW4gZGF0YSBnZW5lcmF0aW9uCiAgICAtIDM2IHBhc3NpbmcsIDAgZmFpbGluZywgYW5kIDAgaW52YWxpZCB0ZXN0IGNhc2VzCgogIC0gU3RvcHBlZCBiZWNhdXNlIG5vdGhpbmcgbGVmdCB0byBkbw==" /></properties><testcase classname="tests.test_activity_blueprint" name="test_example_blueprints_validate_and_roundtrip" time="0.061" /><testcase classname="tests.test_activity_blueprint" name="test_example_c_has_no_unapproved_decisions" time="0.001" /><testcase classname="tests.test_activity_blueprint" name="test_outbound_requires_contact_hooks" time="0.001" /><testcase classname="tests.test_activity_blueprint" name="test_tools_require_permission_entries" time="0.001" /><testcase classname="tests.test_activity_blueprint" name="test_policies_require_unknown_and_uncertainty" time="0.001" /><testcase classname="tests.test_activity_blueprint" name="test_readiness_illegal_transitions" time="0.000" /><testcase classname="tests.test_activity_blueprint" name="test_composition_configs_validate" time="0.007" /><testcase classname="tests.test_adapter_openai_realtime" name="test_capabilities_declare_unverified_languages_and_barge_in" time="0.000" /><testcase classname="tests.test_adapter_openai_realtime" name="test_render_tools_from_tool_v1" time="0.000" /><testcase classname="tests.test_adapter_openai_realtime" name="test_open_requires_credential_and_never_leaks_it" time="0.003" /><testcase classname="tests.test_adapter_openai_realtime" name="test_outbound_mapping" time="0.001" /><testcase classname="tests.test_adapter_openai_realtime" name="test_server_vad_mode_does_not_force_response_create" time="0.001" /><testcase classname="tests.test_adapter_openai_realtime" name="test_inbound_translation_events_and_audio" time="0.002" /><testcase classname="tests.test_adapter_openai_realtime" name="test_cancel_drains_pending_audio_and_socket_eof_closes" time="0.052" /><testcase classname="tests.test_adapter_openai_realtime" name="test_malformed_frames_are_ignored" time="0.001" /><testcase classname="tests.test_adapter_openai_realtime" name="test_error_fatality_classification" time="0.001" /><testcase classname="tests.test_adapter_typesafe_decision" name="test_confirmation_yes_with_confidence_is_llm_validated" time="0.001" /><testcase classname="tests.test_adapter_typesafe_decision" name="test_low_confidence_or_ambiguous_is_unknown_never_guess" time="0.001" /><testcase classname="tests.test_adapter_typesafe_decision" name="test_no_credential_and_network_failure_degrade_to_unknown" time="0.001" /><testcase classname="tests.test_adapter_typesafe_decision" name="test_rules_only_kinds_are_refused_and_declared_unsupported" time="0.001" /><testcase classname="tests.test_adapter_typesafe_decision" name="test_classify_intent_uses_closed_options_only" time="0.001" /><testcase classname="tests.test_adapter_typesafe_decision" name="test_layered_rules_first_then_fallback_only_on_unknown" time="0.001" /><testcase classname="tests.test_adapter_typesafe_decision" name="test_layered_capabilities_merge[decision:interpret_confirmation]" time="0.001" /><testcase classname="tests.test_adapter_typesafe_decision" name="test_layered_capabilities_merge[language:ar-EG]" time="0.001" /><testcase classname="tests.test_adapters_mocks" name="test_adapter_declares_capabilities[adapter0-S2SPort-s2s]" time="0.001" /><testcase classname="tests.test_adapters_mocks" name="test_adapter_declares_capabilities[adapter1-LLMPort-llm]" time="0.001" /><testcase classname="tests.test_adapters_mocks" name="test_adapter_declares_capabilities[adapter2-ASRPort-asr]" time="0.001" /><testcase classname="tests.test_adapters_mocks" name="test_adapter_declares_capabilities[adapter3-TTSPort-tts]" time="0.001" /><testcase classname="tests.test_adapters_mocks" name="test_adapter_declares_capabilities[adapter4-TurnPort-turn]" time="0.001" /><testcase classname="tests.test_adapters_mocks" name="test_adapter_declares_capabilities[adapter5-TurnPort-turn]" time="0.001" /><testcase classname="tests.test_adapters_mocks" name="test_adapter_declares_capabilities[adapter6-DecisionPort-decision]" time="0.001" /><testcase classname="tests.test_adapters_mocks" name="test_mock_s2s_scripted_flow_with_tool_and_cancel" time="0.022" /><testcase classname="tests.test_adapters_mocks" name="test_mock_llm_asr_tts" time="0.002" /><testcase classname="tests.test_adapters_mocks" name="test_energy_turn_detector_taxonomy_and_barge_in" time="0.003" /><testcase classname="tests.test_adapters_mocks" name="test_rules_decision_never_guesses" time="0.002" /><testcase classname="tests.test_adapters_mocks" name="test_memory_transport_roundtrip" time="0.001" /><testcase classname="tests.test_adapters_mocks" name="test_memory_tool_backends_and_fault_injection" time="0.002" /><testcase classname="tests.test_adapters_mocks" name="test_sinks" time="0.004" /><testcase classname="tests.test_adapters_mocks" name="test_credential_resolver_order_and_no_leak" time="0.001" /><testcase classname="tests.test_adapters_mocks" name="test_credential_resolver_vendor_alias_shares_key" time="0.001" /><testcase classname="tests.test_adapters_mocks" name="test_simulated_telephony" time="0.002" /><testcase classname="tests.test_adapters_turn" name="test_resample_ratio_and_normalization" time="0.001" /><testcase classname="tests.test_adapters_turn" name="test_silero_probability_windows_and_holds_last_value" time="0.002" /><testcase classname="tests.test_adapters_turn" name="test_silero_adapter_without_model_is_honest_fallback" time="0.007" /><testcase classname="tests.test_adapters_turn" name="test_silero_adapter_with_fake_model_drives_state_machine" time="0.025" /><testcase classname="tests.test_adapters_turn" name="test_noise_blip_rejected" time="0.001" /><testcase classname="tests.test_adapters_turn" name="test_prosodic_scorer_scores_decay_higher_than_flat" time="0.034" /><testcase classname="tests.test_adapters_turn" name="test_smart_turn_commits_early_on_high_score" time="0.004" /><testcase classname="tests.test_adapters_turn" name="test_smart_turn_holds_on_low_score_then_ends_after_extension" time="0.005" /><testcase classname="tests.test_adapters_turn" name="test_smart_turn_neutral_score_defers_to_vad" time="0.005" /><testcase classname="tests.test_adapters_turn" name="test_smart_turn_barge_in_passthrough_and_capabilities" time="0.005" /><testcase classname="tests.test_barge_in_lifecycle" name="test_barge_in_after_response_done_while_audio_still_playing" time="0.747" /><testcase classname="tests.test_barge_in_lifecycle" name="test_playout_stopped_ends_audibility_so_later_speech_is_a_normal_turn" time="0.614" /><testcase classname="tests.test_barge_in_lifecycle" name="test_audibility_safety_net_expires_without_client_report" time="0.980" /><testcase classname="tests.test_barge_in_lifecycle" name="test_response_started_while_interrupted_is_cancelled_not_played" time="0.348" /><testcase classname="tests.test_barge_in_lifecycle" name="test_operator_transcripts_reach_client_but_never_the_event_log" time="0.429" /><testcase classname="tests.test_barge_in_lifecycle" name="test_operator_transcripts_can_be_disabled" time="0.432" /><testcase classname="tests.test_barge_in_lifecycle" name="test_prompt_client_ack_is_not_forced_during_audio_barge_in" time="0.630" /><testcase classname="tests.test_barge_in_lifecycle" name="test_bye_always_produces_a_record_even_when_provider_stream_ends_first" time="0.384" /><testcase classname="tests.test_contracts_roundtrip" name="test_every_contract_has_minimal_fixture" time="0.001" /><testcase classname="tests.test_contracts_roundtrip" name="test_roundtrip_and_schema[qevion.activity.v1]" time="0.116" /><testcase classname="tests.test_contracts_roundtrip" name="test_roundtrip_and_schema[qevion.asr.v1]" time="0.002" /><testcase classname="tests.test_contracts_roundtrip" name="test_roundtrip_and_schema[qevion.asr_result.v1]" time="0.001" /><testcase classname="tests.test_contracts_roundtrip" name="test_roundtrip_and_schema[qevion.capability_registry.v1]" time="0.001" /><testcase classname="tests.test_contracts_roundtrip" name="test_roundtrip_and_schema[qevion.composition.v1]" time="0.002" /><testcase classname="tests.test_contracts_roundtrip" name="test_roundtrip_and_schema[qevion.copilot.v1]" time="0.003" /><testcase classname="tests.test_contracts_roundtrip" name="test_roundtrip_and_schema[qevion.credential_scope.v1]" time="0.001" /><testcase classname="tests.test_contracts_roundtrip" name="test_roundtrip_and_schema[qevion.decision.v1]" time="0.001" /><testcase classname="tests.test_contracts_roundtrip" name="test_roundtrip_and_schema[qevion.decision_result.v1]" time="0.001" /><testcase classname="tests.test_contracts_roundtrip" name="test_roundtrip_and_schema[qevion.event.v1]" time="0.002" /><testcase classname="tests.test_contracts_roundtrip" name="test_roundtrip_and_schema[qevion.handoff.v1]" time="0.001" /><testcase classname="tests.test_contracts_roundtrip" name="test_roundtrip_and_schema[qevion.handoff_result.v1]" time="0.001" /><testcase classname="tests.test_contracts_roundtrip" name="test_roundtrip_and_schema[qevion.interaction_record.v1]" time="0.002" /><testcase classname="tests.test_contracts_roundtrip" name="test_roundtrip_and_schema[qevion.knowledge_contradiction.v1]" time="0.001" /><testcase classname="tests.test_contracts_roundtrip" name="test_roundtrip_and_schema[qevion.knowledge_fact.v1]" time="0.001" /><testcase classname="tests.test_contracts_roundtrip" name="test_roundtrip_and_schema[qevion.knowledge_gap.v1]" time="0.001" /><testcase classname="tests.test_contracts_roundtrip" name="test_roundtrip_and_schema[qevion.knowledge_source.v1]" time="0.001" /><testcase classname="tests.test_contracts_roundtrip" name="test_roundtrip_and_schema[qevion.line.v1]" time="0.001" /><testcase classname="tests.test_contracts_roundtrip" name="test_roundtrip_and_schema[qevion.llm.v1]" time="0.001" /><testcase classname="tests.test_contracts_roundtrip" name="test_roundtrip_and_schema[qevion.llm_response.v1]" time="0.001" /><testcase classname="tests.test_contracts_roundtrip" name="test_roundtrip_and_schema[qevion.locale_pack.v1]" time="0.001" /><testcase classname="tests.test_contracts_roundtrip" name="test_roundtrip_and_schema[qevion.metrics.v1]" time="0.001" /><testcase classname="tests.test_contracts_roundtrip" name="test_roundtrip_and_schema[qevion.outcome.v1]" time="0.002" /><testcase classname="tests.test_contracts_roundtrip" name="test_roundtrip_and_schema[qevion.policy.v1]" time="0.001" /><testcase classname="tests.test_contracts_roundtrip" name="test_roundtrip_and_schema[qevion.preflight.v1]" time="0.001" /><testcase classname="tests.test_contracts_roundtrip" name="test_roundtrip_and_schema[qevion.s2s.v1]" time="0.001" /><testcase classname="tests.test_contracts_roundtrip" name="test_roundtrip_and_schema[qevion.s2s_event.v1]" time="0.001" /><testcase classname="tests.test_contracts_roundtrip" name="test_roundtrip_and_schema[qevion.simulation_case.v1]" time="0.001" /><testcase classname="tests.test_contracts_roundtrip" name="test_roundtrip_and_schema[qevion.simulation_report.v1]" time="0.001" /><testcase classname="tests.test_contracts_roundtrip" name="test_roundtrip_and_schema[qevion.sink.v1]" time="0.001" /><testcase classname="tests.test_contracts_roundtrip" name="test_roundtrip_and_schema[qevion.tenant.v1]" time="0.001" /><testcase classname="tests.test_contracts_roundtrip" name="test_roundtrip_and_schema[qevion.tool.v1]" time="0.001" /><testcase classname="tests.test_contracts_roundtrip" name="test_roundtrip_and_schema[qevion.tool_backend.v1]" time="0.001" /><testcase classname="tests.test_contracts_roundtrip" name="test_roundtrip_and_schema[qevion.tool_invocation.v1]" time="0.001" /><testcase classname="tests.test_contracts_roundtrip" name="test_roundtrip_and_schema[qevion.tool_outcome.v1]" time="0.001" /><testcase classname="tests.test_contracts_roundtrip" name="test_roundtrip_and_schema[qevion.transport.client.v1]" time="0.001" /><testcase classname="tests.test_contracts_roundtrip" name="test_roundtrip_and_schema[qevion.transport.hello.v1]" time="0.001" /><testcase classname="tests.test_contracts_roundtrip" name="test_roundtrip_and_schema[qevion.transport.server.v1]" time="0.001" /><testcase classname="tests.test_contracts_roundtrip" name="test_roundtrip_and_schema[qevion.tts.v1]" time="0.001" /><testcase classname="tests.test_contracts_roundtrip" name="test_roundtrip_and_schema[qevion.turn.v1]" time="0.001" /><testcase classname="tests.test_contracts_roundtrip" name="test_roundtrip_and_schema[qevion.usage.v1]" time="0.001" /><testcase classname="tests.test_contracts_roundtrip" name="test_roundtrip_and_schema[qevion.voice_profile.v1]" time="0.001" /><testcase classname="tests.test_contracts_roundtrip" name="test_no_schema_drift" time="0.526" /><testcase classname="tests.test_contracts_roundtrip" name="test_event_roundtrip_property" time="0.224" /><testcase classname="tests.test_contracts_roundtrip" name="test_event_rejects_bad_type_and_negative_seq" time="0.001" /><testcase classname="tests.test_control_contact_policy" name="test_allowed_when_every_hook_satisfied" time="0.000" /><testcase classname="tests.test_control_contact_policy" name="test_unknown_consent_is_refused_conservatively" time="0.000" /><testcase classname="tests.test_control_contact_policy" name="test_every_failing_hook_is_reported_not_just_the_first" time="0.000" /><testcase classname="tests.test_control_contact_policy" name="test_suppression_via_tag_matches_suppression_ref" time="0.000" /><testcase classname="tests.test_control_contact_policy" name="test_attempt_limit_boundary" time="0.000" /><testcase classname="tests.test_control_contact_policy" name="test_contact_window_edges_and_overnight_and_unparseable" time="0.001" /><testcase classname="tests.test_control_contact_policy" name="test_missing_hooks_refuse_outbound" time="0.000" /><testcase classname="tests.test_control_contact_policy" name="test_no_consent_requirement_allows_unknown_consent" time="0.000" /><testcase classname="tests.test_control_preflight" name="test_examples_are_ready_on_mock_composition[activity_a_restaurant]" time="0.024" /><testcase classname="tests.test_control_preflight" name="test_examples_are_ready_on_mock_composition[activity_b_clinic]" time="0.049" /><testcase classname="tests.test_control_preflight" name="test_examples_are_ready_on_mock_composition[activity_c_survey]" time="0.051" /><testcase classname="tests.test_control_preflight" name="test_preflight_is_deterministic" time="0.038" /><testcase classname="tests.test_control_preflight" name="test_no_context_means_nothing_verifiable_and_blocks" time="0.023" /><testcase classname="tests.test_control_preflight" name="test_reason_code_is_producible[MISSING_REQUIRED_KNOWLEDGE--]" time="0.003" /><testcase classname="tests.test_control_preflight" name="test_reason_code_is_producible[MISSING_REQUIRED_TOOL--0]" time="0.003" /><testcase classname="tests.test_control_preflight" name="test_reason_code_is_producible[MISSING_REQUIRED_TOOL--1]" time="0.004" /><testcase classname="tests.test_control_preflight" name="test_reason_code_is_producible[TOOL_NOT_AUTHORIZED_FOR_TENANT--]" time="0.004" /><testcase classname="tests.test_control_preflight" name="test_reason_code_is_producible[UNSUPPORTED_CAPABILITY--]" time="0.003" /><testcase classname="tests.test_control_preflight" name="test_reason_code_is_producible[UNSUPPORTED_LOCALE_COMBINATION--]" time="0.003" /><testcase classname="tests.test_control_preflight" name="test_reason_code_is_producible[VOICE_UNAVAILABLE--]" time="0.003" /><testcase classname="tests.test_control_preflight" name="test_reason_code_is_producible[CONTRADICTORY_POLICIES--]" time="0.003" /><testcase classname="tests.test_control_preflight" name="test_reason_code_is_producible[MISSING_OUTCOME_SCHEMA--]" time="0.003" /><testcase classname="tests.test_control_preflight" name="test_reason_code_is_producible[IMPOSSIBLE_COMPLETION_CRITERIA--]" time="0.003" /><testcase classname="tests.test_control_preflight" name="test_reason_code_is_producible[PROVIDER_CAPABILITY_UNAVAILABLE--0]" time="0.003" /><testcase classname="tests.test_control_preflight" name="test_reason_code_is_producible[PROVIDER_CAPABILITY_UNAVAILABLE--1]" time="0.003" /><testcase classname="tests.test_control_preflight" name="test_reason_code_is_producible[INCOMPLETE_FIELD_DEFINITION--]" time="0.003" /><testcase classname="tests.test_control_preflight" name="test_reason_code_is_producible[INCOMPATIBLE_CONFIRMATION_RULE--]" time="0.003" /><testcase classname="tests.test_control_preflight" name="test_reason_code_is_producible[UNDEFINED_ESCALATION--]" time="0.003" /><testcase classname="tests.test_control_preflight" name="test_reason_code_is_producible[UNAPPROVED_BUSINESS_DECISION--]" time="0.003" /><testcase classname="tests.test_control_preflight" name="test_reason_code_is_producible[UNRESOLVED_KNOWLEDGE_CONFLICT--]" time="0.003" /><testcase classname="tests.test_control_preflight" name="test_reason_code_is_producible[INVALID_CONFIG--0]" time="0.003" /><testcase classname="tests.test_control_preflight" name="test_reason_code_is_producible[INVALID_CONFIG--1]" time="0.003" /><testcase classname="tests.test_control_preflight" name="test_reason_code_is_producible[CONTACT_POLICY_MISSING_FOR_OUTBOUND--]" time="0.003" /><testcase classname="tests.test_control_preflight" name="test_reason_code_is_producible[LICENSE_BLOCKED_COMPONENT--]" time="0.003" /><testcase classname="tests.test_control_preflight" name="test_all_twenty_reason_codes_covered_by_suite" time="0.433" /><testcase classname="tests.test_control_preflight" name="test_unverified_capability_blocks_strict_but_warns_for_simulation" time="0.025" /><testcase classname="tests.test_control_preflight" name="test_partial_knowledge_and_ask_owner_quality_items_only_warn" time="0.027" /><testcase classname="tests.test_control_preflight" name="test_ask_owner_on_tool_or_handoff_question_blocks" time="0.023" /><testcase classname="tests.test_control_preflight" name="test_approved_decision_waives_confirmation_rule" time="0.023" /><testcase classname="tests.test_control_readiness_capabilities" name="test_illegal_transitions_from_draft_are_rejected[ACTIVE]" time="0.021" /><testcase classname="tests.test_control_readiness_capabilities" name="test_illegal_transitions_from_draft_are_rejected[READY_FOR_ACTIVATION]" time="0.027" /><testcase classname="tests.test_control_readiness_capabilities" name="test_illegal_transitions_from_draft_are_rejected[READY_FOR_SIMULATION]" time="0.022" /><testcase classname="tests.test_control_readiness_capabilities" name="test_illegal_transitions_from_draft_are_rejected[SUSPENDED]" time="0.021" /><testcase classname="tests.test_control_readiness_capabilities" name="test_transition_table_is_closed_and_retired_is_terminal" time="0.000" /><testcase classname="tests.test_control_readiness_capabilities" name="test_full_lifecycle_happy_path_emits_control_authored_changes" time="0.021" /><testcase classname="tests.test_control_readiness_capabilities" name="test_blocked_preflight_routes_to_needs_information_or_blocked" time="0.021" /><testcase classname="tests.test_control_readiness_capabilities" name="test_edit_after_ready_returns_to_needs_configuration" time="0.023" /><testcase classname="tests.test_control_readiness_capabilities" name="test_real_preflight_drives_machine_on_example_blueprints" time="0.063" /><testcase classname="tests.test_control_readiness_capabilities" name="test_registry_aggregates_adapters_and_platform_facts_and_round_trips" time="0.001" /><testcase classname="tests.test_control_readiness_capabilities" name="test_mapping_activity_a_is_fully_supported_on_mocks" time="0.023" /><testcase classname="tests.test_control_readiness_capabilities" name="test_mapping_reports_requires_tool_knowledge_human_and_unverified" time="0.025" /><testcase classname="tests.test_control_readiness_capabilities" name="test_mapping_without_composition_is_unverified_not_supported" time="0.018" /><testcase classname="tests.test_copilot_discovery" name="test_empty_draft_asks_for_foundations_first" time="0.001" /><testcase classname="tests.test_copilot_discovery" name="test_questions_change_with_draft_state" time="0.001" /><testcase classname="tests.test_copilot_discovery" name="test_outbound_direction_triggers_contact_policy_question" time="0.001" /><testcase classname="tests.test_copilot_discovery" name="test_handoff_question_only_when_policy_offers_handoff" time="0.000" /><testcase classname="tests.test_copilot_discovery" name="test_persuasive_objective_asks_for_objections" time="0.000" /><testcase classname="tests.test_copilot_discovery" name="test_gap_classes_map_to_kinds_and_blocking" time="0.000" /><testcase classname="tests.test_copilot_discovery" name="test_pending_contradiction_becomes_blocking_choice" time="0.000" /><testcase classname="tests.test_copilot_discovery" name="test_preflight_findings_classified" time="0.001" /><testcase classname="tests.test_copilot_discovery" name="test_mapping_rows_produce_capability_questions" time="0.001" /><testcase classname="tests.test_copilot_discovery" name="test_ranking_is_deterministic_and_band_ordered" time="0.001" /><testcase classname="tests.test_copilot_discovery" name="test_progressive_disclosure_within_band" time="0.001" /><testcase classname="tests.test_copilot_discovery" name="test_prioritizer_blocking_beats_non_blocking_in_same_band" time="0.000" /><testcase classname="tests.test_copilot_discovery" name="test_question_id_is_stable_across_processes" time="0.338" /><testcase classname="tests.test_copilot_discovery" name="test_business_decisions_never_carry_free_text_defaults" time="0.003" /><testcase classname="tests.test_copilot_discovery" name="test_structural_choices_may_propose_structure_not_truth" time="0.002" /><testcase classname="tests.test_copilot_discovery" name="test_answered_and_deferred_paths_are_filtered" time="0.002" /><testcase classname="tests.test_copilot_discovery" name="test_dedupe_by_target_path_keeps_first_source" time="0.001" /><testcase classname="tests.test_copilot_discovery" name="test_limit_and_stop_rule" time="0.003" /><testcase classname="tests.test_copilot_session" name="test_composer_scaffold_is_structural_only" time="0.002" /><testcase classname="tests.test_copilot_session" name="test_is_business_path" time="0.001" /><testcase classname="tests.test_copilot_session" name="test_events_and_no_free_text_in_payloads" time="0.004" /><testcase classname="tests.test_copilot_session" name="test_answer_records_operator_decision_and_removes_question" time="0.006" /><testcase classname="tests.test_copilot_session" name="test_accept_proposal_records_copilot_decision_approved_by_operator" time="0.004" /><testcase classname="tests.test_copilot_session" name="test_blocking_question_cannot_be_deferred_but_optional_can" time="0.003" /><testcase classname="tests.test_copilot_session" name="test_unknown_question_id_rejected" time="0.001" /><testcase classname="tests.test_copilot_session" name="test_proposal_progression_to_review_and_valid_blueprint" time="0.006" /><testcase classname="tests.test_copilot_session" name="test_proposal_with_preflight_ctx_reaches_ready_for_simulation_or_reports_findings" time="0.004" /><testcase classname="tests.test_copilot_session" name="test_knowledge_gaps_and_conflicts_flow_into_proposal" time="0.005" /><testcase classname="tests.test_copilot_session" name="test_readiness_findings_block_when_handoff_promised_without_destination" time="0.003" /><testcase classname="tests.test_copilot_session" name="test_seed_from_example_blueprint_gives_review_or_targeted_questions" time="0.038" /><testcase classname="tests.test_copilot_session" name="test_explainer_outputs_are_separate_from_proposal" time="0.003" /><testcase classname="tests.test_core_primitives" name="test_field_store_record_correct_verify_reject" time="0.001" /><testcase classname="tests.test_core_primitives" name="test_satisfies_ordering" time="0.000" /><testcase classname="tests.test_core_primitives" name="test_unverified_never_satisfies" time="0.046" /><testcase classname="tests.test_core_primitives" name="test_dialog_machine_happy_path_and_barge_in" time="0.000" /><testcase classname="tests.test_core_primitives" name="test_dialog_machine_provider_chains_response_after_tool_from_listening" time="0.000" /><testcase classname="tests.test_core_primitives" name="test_generic_table_is_valid_and_terminal_states_absorb" time="0.000" /><testcase classname="tests.test_core_primitives" name="test_inline_table_validation_reports_errors" time="0.000" /><testcase classname="tests.test_core_primitives" name="test_entity_focus_stack" time="0.000" /><testcase classname="tests.test_core_primitives" name="test_pending_objectives_priority_and_exhaustion" time="0.000" /><testcase classname="tests.test_core_primitives" name="test_claim_governor_blocks_unverified_and_prohibited" time="0.001" /><testcase classname="tests.test_core_primitives" name="test_confirmation_interpreter_deterministic_and_ambiguous" time="0.001" /><testcase classname="tests.test_core_primitives" name="test_tool_pipeline_all_gates" time="0.002" /><testcase classname="tests.test_core_primitives" name="test_tool_pipeline_confirmation_pending_and_denied" time="0.001" /><testcase classname="tests.test_core_primitives" name="test_tool_pipeline_tenant_scope_and_timeout" time="0.103" /><testcase classname="tests.test_core_primitives" name="test_validate_args_basic_schema" time="0.001" /><testcase classname="tests.test_core_session_scenarios" name="test_activity_a_happy_path_fields_confirmation_submit" time="0.094" /><testcase classname="tests.test_core_session_scenarios" name="test_activity_a_invalid_field_never_recorded_and_quote_unknown_not_upgraded" time="0.035" /><testcase classname="tests.test_core_session_scenarios" name="test_activity_a_confirmation_denied_returns_to_collecting_and_nothing_submitted" time="0.026" /><testcase classname="tests.test_core_session_scenarios" name="test_activity_b_handoff_via_tool_produces_human_required_with_context_projection" time="0.032" /><testcase classname="tests.test_core_session_scenarios" name="test_activity_b_list_entities_and_verify_reject_keeps_slot_unverified" time="0.031" /><testcase classname="tests.test_core_session_scenarios" name="test_activity_c_exit_rule_via_callback_flag" time="0.023" /><testcase classname="tests.test_core_session_scenarios" name="test_activity_c_failure_rule_consent_false" time="0.023" /><testcase classname="tests.test_core_session_scenarios" name="test_every_activity_runs_on_identical_core_and_emits_envelope[activity_a_restaurant]" time="0.027" /><testcase classname="tests.test_core_session_scenarios" name="test_every_activity_runs_on_identical_core_and_emits_envelope[activity_b_clinic]" time="0.028" /><testcase classname="tests.test_core_session_scenarios" name="test_every_activity_runs_on_identical_core_and_emits_envelope[activity_c_survey]" time="0.022" /><testcase classname="tests.test_core_session_scenarios" name="test_illegal_authority_cannot_move_activity_machine" time="0.025" /><testcase classname="tests.test_core_session_scenarios" name="test_interruption_seven_steps_with_watermarks_and_reconciled_context" time="0.031" /><testcase classname="tests.test_eval_harness" name="test_thorough_operator_passes_all_copilot_graders" time="0.014" /><testcase classname="tests.test_eval_harness" name="test_uploader_fixture_reaches_review_with_decisions_preserved" time="0.035" /><testcase classname="tests.test_eval_harness" name="test_planted_conflicts_and_gaps_are_surfaced" time="0.041" /><testcase classname="tests.test_eval_harness" name="test_missing_tool_maps_to_requires_tool_and_blocks_simulation" time="0.033" /><testcase classname="tests.test_eval_harness" name="test_copilot_suite_default_all_pass" time="0.132" /><testcase classname="tests.test_eval_harness" name="test_corpus_preserves_v23_egyptian_arabic_cases_and_holdout" time="0.001" /><testcase classname="tests.test_eval_harness" name="test_runtime_track_grades_corpus_case_with_attribution_and_replay" time="0.098" /><testcase classname="tests.test_eval_harness" name="test_injection_case_blocks_prohibited_claim" time="0.034" /><testcase classname="tests.test_eval_harness" name="test_report_aggregate_attribution_and_markdown" time="0.001" /><testcase classname="tests.test_eval_harness" name="test_full_harness_writes_json_and_markdown" time="0.669" /><testcase classname="tests.test_knowledge_pipeline" name="test_parsers_normalize_and_locate" time="0.002" /><testcase classname="tests.test_knowledge_pipeline" name="test_uploads_are_untrusted" time="0.004" /><testcase classname="tests.test_knowledge_pipeline" name="test_document_facts_start_unverified_and_need_approval" time="0.021" /><testcase classname="tests.test_knowledge_pipeline" name="test_approved_structured_source_yields_approved_facts_directly" time="0.022" /><testcase classname="tests.test_knowledge_pipeline" name="test_relationships_link_entities_by_name" time="0.001" /><testcase classname="tests.test_knowledge_pipeline" name="test_seeded_contradiction_equal_priority_is_pending_conflict_gap" time="0.001" /><testcase classname="tests.test_knowledge_pipeline" name="test_seeded_contradiction_resolved_by_explicit_source_priority" time="0.001" /><testcase classname="tests.test_knowledge_pipeline" name="test_same_value_from_two_sources_is_not_a_contradiction" time="0.001" /><testcase classname="tests.test_knowledge_pipeline" name="test_gap_classes_against_activity_needs" time="0.021" /><testcase classname="tests.test_knowledge_pipeline" name="test_missing_requirement_and_ambiguity_gaps" time="0.023" /><testcase classname="tests.test_knowledge_pipeline" name="test_quality_gap_for_uncovered_knowledge_question" time="0.021" /><testcase classname="tests.test_knowledge_pipeline" name="test_customer_questions_and_operational_requirements_are_derived" time="0.021" /><testcase classname="tests.test_knowledge_pipeline" name="test_retriever_returns_only_approved_and_reports_miss" time="0.002" /><testcase classname="tests.test_operator_auth" name="test_token_unset_is_dev_mode_and_reports_it" time="0.172" /><testcase classname="tests.test_operator_auth" name="test_admin_key_hijack_is_refused_without_token" time="0.187" /><testcase classname="tests.test_operator_auth" name="test_bearer_header_and_cookie_login_grant_access" time="0.324" /><testcase classname="tests.test_operator_auth" name="test_websocket_requires_token" time="0.201" /><testcase classname="tests.test_operator_auth" name="test_cors_foreign_origin_not_allowed_by_default" time="0.173" /><testcase classname="tests.test_operator_auth" name="test_cors_allow_list_is_explicit" time="0.178" /><testcase classname="tests.test_p2_turn_transcription" name="test_transcription_model_default_and_override" time="0.001" /><testcase classname="tests.test_p2_turn_transcription" name="test_silero_fallback_is_named_honestly" time="0.000" /><testcase classname="tests.test_p2_turn_transcription" name="test_silero_with_model_reports_silero" time="0.000" /><testcase classname="tests.test_p2_turn_transcription" name="test_runtime_reports_running_detector_and_transcription_model" time="0.059" /><testcase classname="tests.test_replay" name="test_record_then_replay_is_deterministic[activity_a_restaurant]" time="0.191" /><testcase classname="tests.test_replay" name="test_record_then_replay_is_deterministic[activity_b_clinic]" time="0.133" /><testcase classname="tests.test_replay" name="test_record_then_replay_is_deterministic[activity_c_survey]" time="0.162" /><testcase classname="tests.test_replay" name="test_blueprint_change_is_detected_as_divergence" time="0.046" /><testcase classname="tests.test_replay" name="test_recording_json_roundtrip" time="0.159" /><testcase classname="tests.test_replay" name="test_canonical_payload_normalises_ids_and_drops_volatile_keys" time="0.000" /><testcase classname="tests.test_replay" name="test_diff_events_reports_field_level_divergence" time="0.000" /><testcase classname="tests.test_runtime_api" name="test_health_and_seed" time="0.184" /><testcase classname="tests.test_runtime_api" name="test_tenant_crud_and_validation" time="0.177" /><testcase classname="tests.test_runtime_api" name="test_activity_upload_yaml_and_json" time="0.291" /><testcase classname="tests.test_runtime_api" name="test_preflight_capabilities_and_readiness_flow" time="0.191" /><testcase classname="tests.test_runtime_api" name="test_transition_endpoint_legal_path" time="0.230" /><testcase classname="tests.test_runtime_api" name="test_knowledge_upload_report_and_conflict_resolution" time="0.235" /><testcase classname="tests.test_runtime_api" name="test_knowledge_upload_rejects_oversize" time="0.408" /><testcase classname="tests.test_runtime_api" name="test_ephemeral_test_key_never_echoed" time="0.231" /><testcase classname="tests.test_runtime_api" name="test_copilot_session_loop_over_http" time="0.204" /><testcase classname="tests.test_runtime_api" name="test_copilot_seeded_from_example_publishes_activity" time="0.218" /><testcase classname="tests.test_runtime_api" name="test_copilot_seeded_partial_knowledge_asks_blocking_question" time="0.261" /><testcase classname="tests.test_runtime_api" name="test_ws_session_text_roundtrip" time="0.272" /><testcase classname="tests.test_runtime_api" name="test_ws_unknown_activity_closes" time="0.220" /><testcase classname="tests.test_runtime_api" name="test_ws_invalid_client_message_reports_error" time="0.251" /><testcase classname="tests.test_runtime_api" name="test_compositions_listed_with_credential_source" time="0.220" /><testcase classname="tests.test_runtime_api" name="test_ws_unknown_composition_closes_4400" time="0.233" /><testcase classname="tests.test_runtime_api" name="test_ws_real_provider_without_credential_reports_error_not_crash" time="0.214" /><testcase classname="tests.test_runtime_api" name="test_ws_silero_composition_runs_on_mock_provider" time="0.245" /><testcase classname="tests.test_runtime_api" name="test_ws_voice_binary_roundtrip_barge_in_records_t0_t4" time="0.474" /><testcase classname="tests.test_runtime_api" name="test_activation_refused_before_simulation_names_unmet_gates" time="0.247" /><testcase classname="tests.test_runtime_api" name="test_simulate_then_activate_happy_path" time="0.410" /><testcase classname="tests.test_runtime_api" name="test_acc020_seeded_violation_blocks_simulation_and_activation" time="0.260" /><testcase classname="tests.test_runtime_api" name="test_outbound_refused_without_consent_is_recorded_no_dial" time="0.260" /><testcase classname="tests.test_runtime_api" name="test_outbound_opt_out_and_suppression_refuse" time="0.239" /><testcase classname="tests.test_runtime_api" name="test_outbound_answered_runs_same_core_session_and_counts_attempt" time="1.053" /><testcase classname="tests.test_runtime_api" name="test_outbound_no_answer_closes_4480_and_records_attempt" time="0.257" /><testcase classname="tests.test_runtime_api" name="test_outbound_on_inbound_activity_is_rejected" time="0.267" /><testcase classname="tests.test_session_start_config" name="test_voice_first_provider_message_is_full_session_update" time="0.661" /><testcase classname="tests.test_session_start_config" name="test_text_first_provider_message_is_session_update" time="0.686" /><testcase classname="tests.test_simulation_runner" name="test_happy_path_passes_all_graders" time="0.086" /><testcase classname="tests.test_simulation_runner" name="test_confirmation_gate_grader_sees_callback_confirmed_and_denied" time="0.050" /><testcase classname="tests.test_simulation_runner" name="test_handoff_grader_matches_expectation" time="0.223" /><testcase classname="tests.test_simulation_runner" name="test_acc020_seeded_policy_violation_blocks_report" time="0.050" /><testcase classname="tests.test_simulation_runner" name="test_report_requires_persona_coverage_and_adversarial" time="0.096" /><testcase classname="tests.test_simulation_runner" name="test_acc021_budget_guard_terminates_writes_and_emits_event" time="0.032" /><testcase classname="tests.test_simulation_runner" name="test_tool_failure_injection_is_graded_not_raised" time="0.033" /><testcase classname="tests.test_ws_keepalive" name="test_browser_voice_session_survives_aggressive_keepalive_window" time="8.314" /><testcase classname="tests.test_ws_keepalive" name="test_server_heartbeat_pings_and_records_pong_rtt" time="22.017" /><testcase classname="tests.test_ws_keepalive" name="test_transport_inbound_queue_is_bounded_and_never_drops_control_messages" time="0.166" /></testsuite></testsuites>