<?xml version="1.0" encoding="utf-8"?><testsuites name="pytest tests"><testsuite name="pytest" errors="0" failures="0" skipped="0" tests="196" time="10.655" timestamp="2026-09-23T02:13:58.727173+00:00" hostname="sandbox.local"><properties><property name="hypothesis-statistics-tests/test_contracts_roundtrip.py::test_event_roundtrip_property" value="dGVzdHMvdGVzdF9jb250cmFjdHNfcm91bmR0cmlwLnB5Ojp0ZXN0X2V2ZW50X3JvdW5kdHJpcF9wcm9wZXJ0eToKCiAgLSBkdXJpbmcgZ2VuZXJhdGUgcGhhc2UgKDAuMTEgc2Vjb25kcyk6CiAgICAtIFR5cGljYWwgcnVudGltZXM6IH4gMC0yIG1zLCBvZiB3aGljaCB+IDAtMSBtcyBpbiBkYXRhIGdlbmVyYXRpb24KICAgIC0gNTAgcGFzc2luZywgMCBmYWlsaW5nLCBhbmQgMTMgaW52YWxpZCB0ZXN0IGNhc2VzCiAgICAtIEV2ZW50czoKICAgICAgKiAzNC45MiUsIFJldHJpZWQgZHJhdyBmcm9tIHRleHQoY2hhcmFjdGVycyhjb2RlYz0ndXRmLTgnKSwgbWluX3NpemU9MSwgbWF4X3NpemU9OCkuZmlsdGVyKG5vdF95ZXRfaW5fdW5pcXVlX2xpc3QpIHRvIHNhdGlzZnkgZmlsdGVyCgogIC0gU3RvcHBlZCBiZWNhdXNlIHNldHRpbmdzLm1heF9leGFtcGxlcz01MA==" /><property name="hypothesis-statistics-tests/test_core_primitives.py::test_unverified_never_satisfies" value="dGVzdHMvdGVzdF9jb3JlX3ByaW1pdGl2ZXMucHk6OnRlc3RfdW52ZXJpZmllZF9uZXZlcl9zYXRpc2ZpZXM6CgogIC0gZHVyaW5nIGdlbmVyYXRlIHBoYXNlICgwLjA0IHNlY29uZHMpOgogICAgLSBUeXBpY2FsIHJ1bnRpbWVzOiA8IDFtcywgb2Ygd2hpY2ggPCAxbXMgaW4gZGF0YSBnZW5lcmF0aW9uCiAgICAtIDM2IHBhc3NpbmcsIDAgZmFpbGluZywgYW5kIDAgaW52YWxpZCB0ZXN0IGNhc2VzCgogIC0gU3RvcHBlZCBiZWNhdXNlIG5vdGhpbmcgbGVmdCB0byBkbw==" /></properties><testcase classname="tests.test_activity_blueprint" name="test_example_blueprints_validate_and_roundtrip" time="0.065" /><testcase classname="tests.test_activity_blueprint" name="test_example_c_has_no_unapproved_decisions" time="0.001" /><testcase classname="tests.test_activity_blueprint" name="test_outbound_requires_contact_hooks" time="0.001" /><testcase classname="tests.test_activity_blueprint" name="test_tools_require_permission_entries" time="0.001" /><testcase classname="tests.test_activity_blueprint" name="test_policies_require_unknown_and_uncertainty" time="0.001" /><testcase classname="tests.test_activity_blueprint" name="test_readiness_illegal_transitions" time="0.000" /><testcase classname="tests.test_activity_blueprint" name="test_composition_configs_validate" time="0.004" /><testcase classname="tests.test_adapters_mocks" name="test_adapter_declares_capabilities[adapter0-S2SPort-s2s]" time="0.001" /><testcase classname="tests.test_adapters_mocks" name="test_adapter_declares_capabilities[adapter1-LLMPort-llm]" time="0.001" /><testcase classname="tests.test_adapters_mocks" name="test_adapter_declares_capabilities[adapter2-ASRPort-asr]" time="0.001" /><testcase classname="tests.test_adapters_mocks" name="test_adapter_declares_capabilities[adapter3-TTSPort-tts]" time="0.001" /><testcase classname="tests.test_adapters_mocks" name="test_adapter_declares_capabilities[adapter4-TurnPort-turn]" time="0.001" /><testcase classname="tests.test_adapters_mocks" name="test_adapter_declares_capabilities[adapter5-TurnPort-turn]" time="0.001" /><testcase classname="tests.test_adapters_mocks" name="test_adapter_declares_capabilities[adapter6-DecisionPort-decision]" time="0.001" /><testcase classname="tests.test_adapters_mocks" name="test_mock_s2s_scripted_flow_with_tool_and_cancel" time="0.024" /><testcase classname="tests.test_adapters_mocks" name="test_mock_llm_asr_tts" time="0.002" /><testcase classname="tests.test_adapters_mocks" name="test_energy_turn_detector_taxonomy_and_barge_in" time="0.002" /><testcase classname="tests.test_adapters_mocks" name="test_rules_decision_never_guesses" time="0.002" /><testcase classname="tests.test_adapters_mocks" name="test_memory_transport_roundtrip" time="0.001" /><testcase classname="tests.test_adapters_mocks" name="test_memory_tool_backends_and_fault_injection" time="0.001" /><testcase classname="tests.test_adapters_mocks" name="test_sinks" time="0.003" /><testcase classname="tests.test_adapters_mocks" name="test_credential_resolver_order_and_no_leak" time="0.000" /><testcase classname="tests.test_adapters_mocks" name="test_simulated_telephony" time="0.001" /><testcase classname="tests.test_contracts_roundtrip" name="test_every_contract_has_minimal_fixture" time="0.000" /><testcase classname="tests.test_contracts_roundtrip" name="test_roundtrip_and_schema[qevion.activity.v1]" time="0.113" /><testcase classname="tests.test_contracts_roundtrip" name="test_roundtrip_and_schema[qevion.asr.v1]" time="0.001" /><testcase classname="tests.test_contracts_roundtrip" name="test_roundtrip_and_schema[qevion.asr_result.v1]" time="0.001" /><testcase classname="tests.test_contracts_roundtrip" name="test_roundtrip_and_schema[qevion.capability_registry.v1]" time="0.001" /><testcase classname="tests.test_contracts_roundtrip" name="test_roundtrip_and_schema[qevion.composition.v1]" time="0.001" /><testcase classname="tests.test_contracts_roundtrip" name="test_roundtrip_and_schema[qevion.copilot.v1]" time="0.002" /><testcase classname="tests.test_contracts_roundtrip" name="test_roundtrip_and_schema[qevion.credential_scope.v1]" time="0.001" /><testcase classname="tests.test_contracts_roundtrip" name="test_roundtrip_and_schema[qevion.decision.v1]" time="0.001" /><testcase classname="tests.test_contracts_roundtrip" name="test_roundtrip_and_schema[qevion.decision_result.v1]" time="0.001" /><testcase classname="tests.test_contracts_roundtrip" name="test_roundtrip_and_schema[qevion.event.v1]" time="0.001" /><testcase classname="tests.test_contracts_roundtrip" name="test_roundtrip_and_schema[qevion.handoff.v1]" time="0.001" /><testcase classname="tests.test_contracts_roundtrip" name="test_roundtrip_and_schema[qevion.handoff_result.v1]" time="0.001" /><testcase classname="tests.test_contracts_roundtrip" name="test_roundtrip_and_schema[qevion.interaction_record.v1]" time="0.002" /><testcase classname="tests.test_contracts_roundtrip" name="test_roundtrip_and_schema[qevion.knowledge_contradiction.v1]" time="0.001" /><testcase classname="tests.test_contracts_roundtrip" name="test_roundtrip_and_schema[qevion.knowledge_fact.v1]" time="0.001" /><testcase classname="tests.test_contracts_roundtrip" name="test_roundtrip_and_schema[qevion.knowledge_gap.v1]" time="0.001" /><testcase classname="tests.test_contracts_roundtrip" name="test_roundtrip_and_schema[qevion.knowledge_source.v1]" time="0.001" /><testcase classname="tests.test_contracts_roundtrip" name="test_roundtrip_and_schema[qevion.line.v1]" time="0.001" /><testcase classname="tests.test_contracts_roundtrip" name="test_roundtrip_and_schema[qevion.llm.v1]" time="0.001" /><testcase classname="tests.test_contracts_roundtrip" name="test_roundtrip_and_schema[qevion.llm_response.v1]" time="0.001" /><testcase classname="tests.test_contracts_roundtrip" name="test_roundtrip_and_schema[qevion.locale_pack.v1]" time="0.001" /><testcase classname="tests.test_contracts_roundtrip" name="test_roundtrip_and_schema[qevion.metrics.v1]" time="0.001" /><testcase classname="tests.test_contracts_roundtrip" name="test_roundtrip_and_schema[qevion.outcome.v1]" time="0.001" /><testcase classname="tests.test_contracts_roundtrip" name="test_roundtrip_and_schema[qevion.policy.v1]" time="0.001" /><testcase classname="tests.test_contracts_roundtrip" name="test_roundtrip_and_schema[qevion.preflight.v1]" time="0.001" /><testcase classname="tests.test_contracts_roundtrip" name="test_roundtrip_and_schema[qevion.s2s.v1]" time="0.001" /><testcase classname="tests.test_contracts_roundtrip" name="test_roundtrip_and_schema[qevion.s2s_event.v1]" time="0.001" /><testcase classname="tests.test_contracts_roundtrip" name="test_roundtrip_and_schema[qevion.simulation_report.v1]" time="0.001" /><testcase classname="tests.test_contracts_roundtrip" name="test_roundtrip_and_schema[qevion.sink.v1]" time="0.001" /><testcase classname="tests.test_contracts_roundtrip" name="test_roundtrip_and_schema[qevion.tenant.v1]" time="0.001" /><testcase classname="tests.test_contracts_roundtrip" name="test_roundtrip_and_schema[qevion.tool.v1]" time="0.001" /><testcase classname="tests.test_contracts_roundtrip" name="test_roundtrip_and_schema[qevion.tool_backend.v1]" time="0.001" /><testcase classname="tests.test_contracts_roundtrip" name="test_roundtrip_and_schema[qevion.tool_invocation.v1]" time="0.001" /><testcase classname="tests.test_contracts_roundtrip" name="test_roundtrip_and_schema[qevion.tool_outcome.v1]" time="0.001" /><testcase classname="tests.test_contracts_roundtrip" name="test_roundtrip_and_schema[qevion.transport.client.v1]" time="0.001" /><testcase classname="tests.test_contracts_roundtrip" name="test_roundtrip_and_schema[qevion.transport.hello.v1]" time="0.001" /><testcase classname="tests.test_contracts_roundtrip" name="test_roundtrip_and_schema[qevion.transport.server.v1]" time="0.001" /><testcase classname="tests.test_contracts_roundtrip" name="test_roundtrip_and_schema[qevion.tts.v1]" time="0.001" /><testcase classname="tests.test_contracts_roundtrip" name="test_roundtrip_and_schema[qevion.turn.v1]" time="0.001" /><testcase classname="tests.test_contracts_roundtrip" name="test_roundtrip_and_schema[qevion.usage.v1]" time="0.001" /><testcase classname="tests.test_contracts_roundtrip" name="test_roundtrip_and_schema[qevion.voice_profile.v1]" time="0.001" /><testcase classname="tests.test_contracts_roundtrip" name="test_no_schema_drift" time="0.530" /><testcase classname="tests.test_contracts_roundtrip" name="test_event_roundtrip_property" time="2.162" /><testcase classname="tests.test_contracts_roundtrip" name="test_event_rejects_bad_type_and_negative_seq" time="0.001" /><testcase classname="tests.test_control_preflight" name="test_examples_are_ready_on_mock_composition[activity_a_restaurant]" time="0.023" /><testcase classname="tests.test_control_preflight" name="test_examples_are_ready_on_mock_composition[activity_b_clinic]" time="0.027" /><testcase classname="tests.test_control_preflight" name="test_examples_are_ready_on_mock_composition[activity_c_survey]" time="0.020" /><testcase classname="tests.test_control_preflight" name="test_preflight_is_deterministic" time="0.026" /><testcase classname="tests.test_control_preflight" name="test_no_context_means_nothing_verifiable_and_blocks" time="0.021" /><testcase classname="tests.test_control_preflight" name="test_reason_code_is_producible[MISSING_REQUIRED_KNOWLEDGE--]" time="0.003" /><testcase classname="tests.test_control_preflight" name="test_reason_code_is_producible[MISSING_REQUIRED_TOOL--0]" time="0.003" /><testcase classname="tests.test_control_preflight" name="test_reason_code_is_producible[MISSING_REQUIRED_TOOL--1]" time="0.003" /><testcase classname="tests.test_control_preflight" name="test_reason_code_is_producible[TOOL_NOT_AUTHORIZED_FOR_TENANT--]" time="0.003" /><testcase classname="tests.test_control_preflight" name="test_reason_code_is_producible[UNSUPPORTED_CAPABILITY--]" time="0.003" /><testcase classname="tests.test_control_preflight" name="test_reason_code_is_producible[UNSUPPORTED_LOCALE_COMBINATION--]" time="0.003" /><testcase classname="tests.test_control_preflight" name="test_reason_code_is_producible[VOICE_UNAVAILABLE--]" time="0.003" /><testcase classname="tests.test_control_preflight" name="test_reason_code_is_producible[CONTRADICTORY_POLICIES--]" time="0.003" /><testcase classname="tests.test_control_preflight" name="test_reason_code_is_producible[MISSING_OUTCOME_SCHEMA--]" time="0.003" /><testcase classname="tests.test_control_preflight" name="test_reason_code_is_producible[IMPOSSIBLE_COMPLETION_CRITERIA--]" time="0.003" /><testcase classname="tests.test_control_preflight" name="test_reason_code_is_producible[PROVIDER_CAPABILITY_UNAVAILABLE--0]" time="0.003" /><testcase classname="tests.test_control_preflight" name="test_reason_code_is_producible[PROVIDER_CAPABILITY_UNAVAILABLE--1]" time="0.003" /><testcase classname="tests.test_control_preflight" name="test_reason_code_is_producible[INCOMPLETE_FIELD_DEFINITION--]" time="0.003" /><testcase classname="tests.test_control_preflight" name="test_reason_code_is_producible[INCOMPATIBLE_CONFIRMATION_RULE--]" time="0.003" /><testcase classname="tests.test_control_preflight" name="test_reason_code_is_producible[UNDEFINED_ESCALATION--]" time="0.003" /><testcase classname="tests.test_control_preflight" name="test_reason_code_is_producible[UNAPPROVED_BUSINESS_DECISION--]" time="0.003" /><testcase classname="tests.test_control_preflight" name="test_reason_code_is_producible[UNRESOLVED_KNOWLEDGE_CONFLICT--]" time="0.003" /><testcase classname="tests.test_control_preflight" name="test_reason_code_is_producible[INVALID_CONFIG--0]" time="0.003" /><testcase classname="tests.test_control_preflight" name="test_reason_code_is_producible[INVALID_CONFIG--1]" time="0.003" /><testcase classname="tests.test_control_preflight" name="test_reason_code_is_producible[CONTACT_POLICY_MISSING_FOR_OUTBOUND--]" time="0.003" /><testcase classname="tests.test_control_preflight" name="test_reason_code_is_producible[LICENSE_BLOCKED_COMPONENT--]" time="0.003" /><testcase classname="tests.test_control_preflight" name="test_all_twenty_reason_codes_covered_by_suite" time="0.420" /><testcase classname="tests.test_control_preflight" name="test_unverified_capability_blocks_strict_but_warns_for_simulation" time="0.025" /><testcase classname="tests.test_control_preflight" name="test_partial_knowledge_and_ask_owner_quality_items_only_warn" time="0.025" /><testcase classname="tests.test_control_preflight" name="test_ask_owner_on_tool_or_handoff_question_blocks" time="0.022" /><testcase classname="tests.test_control_preflight" name="test_approved_decision_waives_confirmation_rule" time="0.021" /><testcase classname="tests.test_control_readiness_capabilities" name="test_illegal_transitions_from_draft_are_rejected[ACTIVE]" time="0.020" /><testcase classname="tests.test_control_readiness_capabilities" name="test_illegal_transitions_from_draft_are_rejected[READY_FOR_ACTIVATION]" time="0.020" /><testcase classname="tests.test_control_readiness_capabilities" name="test_illegal_transitions_from_draft_are_rejected[READY_FOR_SIMULATION]" time="0.020" /><testcase classname="tests.test_control_readiness_capabilities" name="test_illegal_transitions_from_draft_are_rejected[SUSPENDED]" time="0.020" /><testcase classname="tests.test_control_readiness_capabilities" name="test_transition_table_is_closed_and_retired_is_terminal" time="0.000" /><testcase classname="tests.test_control_readiness_capabilities" name="test_full_lifecycle_happy_path_emits_control_authored_changes" time="0.021" /><testcase classname="tests.test_control_readiness_capabilities" name="test_blocked_preflight_routes_to_needs_information_or_blocked" time="0.020" /><testcase classname="tests.test_control_readiness_capabilities" name="test_edit_after_ready_returns_to_needs_configuration" time="0.021" /><testcase classname="tests.test_control_readiness_capabilities" name="test_real_preflight_drives_machine_on_example_blueprints" time="0.062" /><testcase classname="tests.test_control_readiness_capabilities" name="test_registry_aggregates_adapters_and_platform_facts_and_round_trips" time="0.001" /><testcase classname="tests.test_control_readiness_capabilities" name="test_mapping_activity_a_is_fully_supported_on_mocks" time="0.023" /><testcase classname="tests.test_control_readiness_capabilities" name="test_mapping_reports_requires_tool_knowledge_human_and_unverified" time="0.024" /><testcase classname="tests.test_control_readiness_capabilities" name="test_mapping_without_composition_is_unverified_not_supported" time="0.017" /><testcase classname="tests.test_copilot_discovery" name="test_empty_draft_asks_for_foundations_first" time="0.001" /><testcase classname="tests.test_copilot_discovery" name="test_questions_change_with_draft_state" time="0.001" /><testcase classname="tests.test_copilot_discovery" name="test_outbound_direction_triggers_contact_policy_question" time="0.000" /><testcase classname="tests.test_copilot_discovery" name="test_handoff_question_only_when_policy_offers_handoff" time="0.000" /><testcase classname="tests.test_copilot_discovery" name="test_persuasive_objective_asks_for_objections" time="0.000" /><testcase classname="tests.test_copilot_discovery" name="test_gap_classes_map_to_kinds_and_blocking" time="0.000" /><testcase classname="tests.test_copilot_discovery" name="test_pending_contradiction_becomes_blocking_choice" time="0.000" /><testcase classname="tests.test_copilot_discovery" name="test_preflight_findings_classified" time="0.000" /><testcase classname="tests.test_copilot_discovery" name="test_mapping_rows_produce_capability_questions" time="0.001" /><testcase classname="tests.test_copilot_discovery" name="test_ranking_is_deterministic_and_band_ordered" time="0.001" /><testcase classname="tests.test_copilot_discovery" name="test_progressive_disclosure_within_band" time="0.001" /><testcase classname="tests.test_copilot_discovery" name="test_prioritizer_blocking_beats_non_blocking_in_same_band" time="0.000" /><testcase classname="tests.test_copilot_discovery" name="test_question_id_is_stable_across_processes" time="0.302" /><testcase classname="tests.test_copilot_discovery" name="test_business_decisions_never_carry_free_text_defaults" time="0.003" /><testcase classname="tests.test_copilot_discovery" name="test_structural_choices_may_propose_structure_not_truth" time="0.002" /><testcase classname="tests.test_copilot_discovery" name="test_answered_and_deferred_paths_are_filtered" time="0.002" /><testcase classname="tests.test_copilot_discovery" name="test_dedupe_by_target_path_keeps_first_source" time="0.001" /><testcase classname="tests.test_copilot_discovery" name="test_limit_and_stop_rule" time="0.003" /><testcase classname="tests.test_copilot_session" name="test_composer_scaffold_is_structural_only" time="0.002" /><testcase classname="tests.test_copilot_session" name="test_is_business_path" time="0.001" /><testcase classname="tests.test_copilot_session" name="test_events_and_no_free_text_in_payloads" time="0.003" /><testcase classname="tests.test_copilot_session" name="test_answer_records_operator_decision_and_removes_question" time="0.004" /><testcase classname="tests.test_copilot_session" name="test_accept_proposal_records_copilot_decision_approved_by_operator" time="0.002" /><testcase classname="tests.test_copilot_session" name="test_blocking_question_cannot_be_deferred_but_optional_can" time="0.003" /><testcase classname="tests.test_copilot_session" name="test_unknown_question_id_rejected" time="0.001" /><testcase classname="tests.test_copilot_session" name="test_proposal_progression_to_review_and_valid_blueprint" time="0.006" /><testcase classname="tests.test_copilot_session" name="test_proposal_with_preflight_ctx_reaches_ready_for_simulation_or_reports_findings" time="0.005" /><testcase classname="tests.test_copilot_session" name="test_knowledge_gaps_and_conflicts_flow_into_proposal" time="0.005" /><testcase classname="tests.test_copilot_session" name="test_readiness_findings_block_when_handoff_promised_without_destination" time="0.004" /><testcase classname="tests.test_copilot_session" name="test_seed_from_example_blueprint_gives_review_or_targeted_questions" time="0.041" /><testcase classname="tests.test_copilot_session" name="test_explainer_outputs_are_separate_from_proposal" time="0.002" /><testcase classname="tests.test_core_primitives" name="test_field_store_record_correct_verify_reject" time="0.001" /><testcase classname="tests.test_core_primitives" name="test_satisfies_ordering" time="0.000" /><testcase classname="tests.test_core_primitives" name="test_unverified_never_satisfies" time="0.040" /><testcase classname="tests.test_core_primitives" name="test_dialog_machine_happy_path_and_barge_in" time="0.000" /><testcase classname="tests.test_core_primitives" name="test_generic_table_is_valid_and_terminal_states_absorb" time="0.001" /><testcase classname="tests.test_core_primitives" name="test_inline_table_validation_reports_errors" time="0.000" /><testcase classname="tests.test_core_primitives" name="test_entity_focus_stack" time="0.000" /><testcase classname="tests.test_core_primitives" name="test_pending_objectives_priority_and_exhaustion" time="0.000" /><testcase classname="tests.test_core_primitives" name="test_claim_governor_blocks_unverified_and_prohibited" time="0.001" /><testcase classname="tests.test_core_primitives" name="test_confirmation_interpreter_deterministic_and_ambiguous" time="0.001" /><testcase classname="tests.test_core_primitives" name="test_tool_pipeline_all_gates" time="0.002" /><testcase classname="tests.test_core_primitives" name="test_tool_pipeline_confirmation_pending_and_denied" time="0.001" /><testcase classname="tests.test_core_primitives" name="test_tool_pipeline_tenant_scope_and_timeout" time="0.103" /><testcase classname="tests.test_core_primitives" name="test_validate_args_basic_schema" time="0.001" /><testcase classname="tests.test_core_session_scenarios" name="test_activity_a_happy_path_fields_confirmation_submit" time="0.090" /><testcase classname="tests.test_core_session_scenarios" name="test_activity_a_invalid_field_never_recorded_and_quote_unknown_not_upgraded" time="0.038" /><testcase classname="tests.test_core_session_scenarios" name="test_activity_a_confirmation_denied_returns_to_collecting_and_nothing_submitted" time="0.027" /><testcase classname="tests.test_core_session_scenarios" name="test_activity_b_handoff_via_tool_produces_human_required_with_context_projection" time="0.029" /><testcase classname="tests.test_core_session_scenarios" name="test_activity_b_list_entities_and_verify_reject_keeps_slot_unverified" time="0.030" /><testcase classname="tests.test_core_session_scenarios" name="test_activity_c_exit_rule_via_callback_flag" time="0.023" /><testcase classname="tests.test_core_session_scenarios" name="test_activity_c_failure_rule_consent_false" time="0.023" /><testcase classname="tests.test_core_session_scenarios" name="test_every_activity_runs_on_identical_core_and_emits_envelope[activity_a_restaurant]" time="0.025" /><testcase classname="tests.test_core_session_scenarios" name="test_every_activity_runs_on_identical_core_and_emits_envelope[activity_b_clinic]" time="0.026" /><testcase classname="tests.test_core_session_scenarios" name="test_every_activity_runs_on_identical_core_and_emits_envelope[activity_c_survey]" time="0.022" /><testcase classname="tests.test_core_session_scenarios" name="test_illegal_authority_cannot_move_activity_machine" time="0.024" /><testcase classname="tests.test_core_session_scenarios" name="test_interruption_seven_steps_with_watermarks_and_reconciled_context" time="0.027" /><testcase classname="tests.test_knowledge_pipeline" name="test_parsers_normalize_and_locate" time="0.002" /><testcase classname="tests.test_knowledge_pipeline" name="test_uploads_are_untrusted" time="0.003" /><testcase classname="tests.test_knowledge_pipeline" name="test_document_facts_start_unverified_and_need_approval" time="0.023" /><testcase classname="tests.test_knowledge_pipeline" name="test_approved_structured_source_yields_approved_facts_directly" time="0.023" /><testcase classname="tests.test_knowledge_pipeline" name="test_relationships_link_entities_by_name" time="0.001" /><testcase classname="tests.test_knowledge_pipeline" name="test_seeded_contradiction_equal_priority_is_pending_conflict_gap" time="0.001" /><testcase classname="tests.test_knowledge_pipeline" name="test_seeded_contradiction_resolved_by_explicit_source_priority" time="0.001" /><testcase classname="tests.test_knowledge_pipeline" name="test_same_value_from_two_sources_is_not_a_contradiction" time="0.001" /><testcase classname="tests.test_knowledge_pipeline" name="test_gap_classes_against_activity_needs" time="0.022" /><testcase classname="tests.test_knowledge_pipeline" name="test_missing_requirement_and_ambiguity_gaps" time="0.024" /><testcase classname="tests.test_knowledge_pipeline" name="test_quality_gap_for_uncovered_knowledge_question" time="0.022" /><testcase classname="tests.test_knowledge_pipeline" name="test_customer_questions_and_operational_requirements_are_derived" time="0.022" /><testcase classname="tests.test_knowledge_pipeline" name="test_retriever_returns_only_approved_and_reports_miss" time="0.002" /><testcase classname="tests.test_runtime_api" name="test_health_and_seed" time="0.124" /><testcase classname="tests.test_runtime_api" name="test_tenant_crud_and_validation" time="0.120" /><testcase classname="tests.test_runtime_api" name="test_activity_upload_yaml_and_json" time="0.308" /><testcase classname="tests.test_runtime_api" name="test_preflight_capabilities_and_readiness_flow" time="0.179" /><testcase classname="tests.test_runtime_api" name="test_transition_endpoint_legal_path" time="0.136" /><testcase classname="tests.test_runtime_api" name="test_knowledge_upload_report_and_conflict_resolution" time="0.227" /><testcase classname="tests.test_runtime_api" name="test_knowledge_upload_rejects_oversize" time="0.266" /><testcase classname="tests.test_runtime_api" name="test_ephemeral_test_key_never_echoed" time="0.160" /><testcase classname="tests.test_runtime_api" name="test_copilot_session_loop_over_http" time="0.160" /><testcase classname="tests.test_runtime_api" name="test_copilot_seeded_from_example_publishes_activity" time="0.215" /><testcase classname="tests.test_runtime_api" name="test_copilot_seeded_partial_knowledge_asks_blocking_question" time="0.230" /><testcase classname="tests.test_runtime_api" name="test_ws_session_text_roundtrip" time="0.184" /><testcase classname="tests.test_runtime_api" name="test_ws_unknown_activity_closes" time="0.141" /><testcase classname="tests.test_runtime_api" name="test_ws_invalid_client_message_reports_error" time="0.190" /></testsuite></testsuites>