<?xml version="1.0" encoding="utf-8"?><testsuites name="pytest tests"><testsuite name="pytest" errors="0" failures="0" skipped="0" tests="67" time="1.414" timestamp="2026-09-22T20:04:54.836502+00:00" hostname="sandbox.local"><properties><property name="hypothesis-statistics-tests/test_contracts_roundtrip.py::test_event_roundtrip_property" value="dGVzdHMvdGVzdF9jb250cmFjdHNfcm91bmR0cmlwLnB5Ojp0ZXN0X2V2ZW50X3JvdW5kdHJpcF9wcm9wZXJ0eToKCiAgLSBkdXJpbmcgZ2VuZXJhdGUgcGhhc2UgKDAuMTIgc2Vjb25kcyk6CiAgICAtIFR5cGljYWwgcnVudGltZXM6IH4gMC0zIG1zLCBvZiB3aGljaCB+IDAtMyBtcyBpbiBkYXRhIGdlbmVyYXRpb24KICAgIC0gNTAgcGFzc2luZywgMCBmYWlsaW5nLCBhbmQgOSBpbnZhbGlkIHRlc3QgY2FzZXMKICAgIC0gRXZlbnRzOgogICAgICAqIDM4Ljk4JSwgUmV0cmllZCBkcmF3IGZyb20gdGV4dChjaGFyYWN0ZXJzKGNvZGVjPSd1dGYtOCcpLCBtaW5fc2l6ZT0xLCBtYXhfc2l6ZT04KS5maWx0ZXIobm90X3lldF9pbl91bmlxdWVfbGlzdCkgdG8gc2F0aXNmeSBmaWx0ZXIKCiAgLSBTdG9wcGVkIGJlY2F1c2Ugc2V0dGluZ3MubWF4X2V4YW1wbGVzPTUw" /></properties><testcase classname="tests.test_activity_blueprint" name="test_example_blueprints_validate_and_roundtrip" time="0.022" /><testcase classname="tests.test_activity_blueprint" name="test_example_c_has_no_unapproved_decisions" time="0.001" /><testcase classname="tests.test_activity_blueprint" name="test_outbound_requires_contact_hooks" time="0.001" /><testcase classname="tests.test_activity_blueprint" name="test_tools_require_permission_entries" time="0.001" /><testcase classname="tests.test_activity_blueprint" name="test_policies_require_unknown_and_uncertainty" time="0.001" /><testcase classname="tests.test_activity_blueprint" name="test_readiness_illegal_transitions" time="0.000" /><testcase classname="tests.test_activity_blueprint" name="test_composition_configs_validate" time="0.004" /><testcase classname="tests.test_adapters_mocks" name="test_adapter_declares_capabilities[adapter0-S2SPort-s2s]" time="0.001" /><testcase classname="tests.test_adapters_mocks" name="test_adapter_declares_capabilities[adapter1-LLMPort-llm]" time="0.001" /><testcase classname="tests.test_adapters_mocks" name="test_adapter_declares_capabilities[adapter2-ASRPort-asr]" time="0.001" /><testcase classname="tests.test_adapters_mocks" name="test_adapter_declares_capabilities[adapter3-TTSPort-tts]" time="0.001" /><testcase classname="tests.test_adapters_mocks" name="test_adapter_declares_capabilities[adapter4-TurnPort-turn]" time="0.001" /><testcase classname="tests.test_adapters_mocks" name="test_adapter_declares_capabilities[adapter5-TurnPort-turn]" time="0.001" /><testcase classname="tests.test_adapters_mocks" name="test_adapter_declares_capabilities[adapter6-DecisionPort-decision]" time="0.001" /><testcase classname="tests.test_adapters_mocks" name="test_mock_s2s_scripted_flow_with_tool_and_cancel" time="0.024" /><testcase classname="tests.test_adapters_mocks" name="test_mock_llm_asr_tts" time="0.001" /><testcase classname="tests.test_adapters_mocks" name="test_energy_turn_detector_taxonomy_and_barge_in" time="0.002" /><testcase classname="tests.test_adapters_mocks" name="test_rules_decision_never_guesses" time="0.002" /><testcase classname="tests.test_adapters_mocks" name="test_memory_transport_roundtrip" time="0.001" /><testcase classname="tests.test_adapters_mocks" name="test_memory_tool_backends_and_fault_injection" time="0.001" /><testcase classname="tests.test_adapters_mocks" name="test_sinks" time="0.003" /><testcase classname="tests.test_adapters_mocks" name="test_credential_resolver_order_and_no_leak" time="0.000" /><testcase classname="tests.test_adapters_mocks" name="test_simulated_telephony" time="0.001" /><testcase classname="tests.test_contracts_roundtrip" name="test_every_contract_has_minimal_fixture" time="0.000" /><testcase classname="tests.test_contracts_roundtrip" name="test_roundtrip_and_schema[qevion.activity.v1]" time="0.057" /><testcase classname="tests.test_contracts_roundtrip" name="test_roundtrip_and_schema[qevion.asr.v1]" time="0.001" /><testcase classname="tests.test_contracts_roundtrip" name="test_roundtrip_and_schema[qevion.asr_result.v1]" time="0.001" /><testcase classname="tests.test_contracts_roundtrip" name="test_roundtrip_and_schema[qevion.capability_registry.v1]" time="0.001" /><testcase classname="tests.test_contracts_roundtrip" name="test_roundtrip_and_schema[qevion.composition.v1]" time="0.001" /><testcase classname="tests.test_contracts_roundtrip" name="test_roundtrip_and_schema[qevion.credential_scope.v1]" time="0.001" /><testcase classname="tests.test_contracts_roundtrip" name="test_roundtrip_and_schema[qevion.decision.v1]" time="0.001" /><testcase classname="tests.test_contracts_roundtrip" name="test_roundtrip_and_schema[qevion.decision_result.v1]" time="0.001" /><testcase classname="tests.test_contracts_roundtrip" name="test_roundtrip_and_schema[qevion.event.v1]" time="0.001" /><testcase classname="tests.test_contracts_roundtrip" name="test_roundtrip_and_schema[qevion.handoff.v1]" time="0.001" /><testcase classname="tests.test_contracts_roundtrip" name="test_roundtrip_and_schema[qevion.handoff_result.v1]" time="0.001" /><testcase classname="tests.test_contracts_roundtrip" name="test_roundtrip_and_schema[qevion.interaction_record.v1]" time="0.002" /><testcase classname="tests.test_contracts_roundtrip" name="test_roundtrip_and_schema[qevion.knowledge_contradiction.v1]" time="0.001" /><testcase classname="tests.test_contracts_roundtrip" name="test_roundtrip_and_schema[qevion.knowledge_fact.v1]" time="0.001" /><testcase classname="tests.test_contracts_roundtrip" name="test_roundtrip_and_schema[qevion.knowledge_gap.v1]" time="0.001" /><testcase classname="tests.test_contracts_roundtrip" name="test_roundtrip_and_schema[qevion.knowledge_source.v1]" time="0.001" /><testcase classname="tests.test_contracts_roundtrip" name="test_roundtrip_and_schema[qevion.line.v1]" time="0.001" /><testcase classname="tests.test_contracts_roundtrip" name="test_roundtrip_and_schema[qevion.llm.v1]" time="0.001" /><testcase classname="tests.test_contracts_roundtrip" name="test_roundtrip_and_schema[qevion.llm_response.v1]" time="0.001" /><testcase classname="tests.test_contracts_roundtrip" name="test_roundtrip_and_schema[qevion.locale_pack.v1]" time="0.001" /><testcase classname="tests.test_contracts_roundtrip" name="test_roundtrip_and_schema[qevion.metrics.v1]" time="0.001" /><testcase classname="tests.test_contracts_roundtrip" name="test_roundtrip_and_schema[qevion.outcome.v1]" time="0.001" /><testcase classname="tests.test_contracts_roundtrip" name="test_roundtrip_and_schema[qevion.policy.v1]" time="0.001" /><testcase classname="tests.test_contracts_roundtrip" name="test_roundtrip_and_schema[qevion.preflight.v1]" time="0.001" /><testcase classname="tests.test_contracts_roundtrip" name="test_roundtrip_and_schema[qevion.s2s.v1]" time="0.001" /><testcase classname="tests.test_contracts_roundtrip" name="test_roundtrip_and_schema[qevion.s2s_event.v1]" time="0.001" /><testcase classname="tests.test_contracts_roundtrip" name="test_roundtrip_and_schema[qevion.simulation_report.v1]" time="0.001" /><testcase classname="tests.test_contracts_roundtrip" name="test_roundtrip_and_schema[qevion.sink.v1]" time="0.001" /><testcase classname="tests.test_contracts_roundtrip" name="test_roundtrip_and_schema[qevion.tenant.v1]" time="0.001" /><testcase classname="tests.test_contracts_roundtrip" name="test_roundtrip_and_schema[qevion.tool.v1]" time="0.001" /><testcase classname="tests.test_contracts_roundtrip" name="test_roundtrip_and_schema[qevion.tool_backend.v1]" time="0.001" /><testcase classname="tests.test_contracts_roundtrip" name="test_roundtrip_and_schema[qevion.tool_invocation.v1]" time="0.001" /><testcase classname="tests.test_contracts_roundtrip" name="test_roundtrip_and_schema[qevion.tool_outcome.v1]" time="0.001" /><testcase classname="tests.test_contracts_roundtrip" name="test_roundtrip_and_schema[qevion.transport.client.v1]" time="0.001" /><testcase classname="tests.test_contracts_roundtrip" name="test_roundtrip_and_schema[qevion.transport.hello.v1]" time="0.001" /><testcase classname="tests.test_contracts_roundtrip" name="test_roundtrip_and_schema[qevion.transport.server.v1]" time="0.001" /><testcase classname="tests.test_contracts_roundtrip" name="test_roundtrip_and_schema[qevion.tts.v1]" time="0.001" /><testcase classname="tests.test_contracts_roundtrip" name="test_roundtrip_and_schema[qevion.turn.v1]" time="0.001" /><testcase classname="tests.test_contracts_roundtrip" name="test_roundtrip_and_schema[qevion.usage.v1]" time="0.001" /><testcase classname="tests.test_contracts_roundtrip" name="test_roundtrip_and_schema[qevion.voice_profile.v1]" time="0.001" /><testcase classname="tests.test_contracts_roundtrip" name="test_no_schema_drift" time="0.476" /><testcase classname="tests.test_contracts_roundtrip" name="test_event_roundtrip_property" time="0.195" /><testcase classname="tests.test_contracts_roundtrip" name="test_event_rejects_bad_type_and_negative_seq" time="0.001" /></testsuite></testsuites>